native/SampleApps/SmartSyncExplorer/build/outputs/apk/manifest-merger-debug-report.txt
-- Merging decision tree log ---
manifest
ADDED from AndroidManifest.xml:3:1
	package
		ADDED from AndroidManifest.xml:4:2
	android:versionName
		ADDED from AndroidManifest.xml:6:2
	android:versionCode
		ADDED from AndroidManifest.xml:5:2
		INJECTED from AndroidManifest.xml:0:0
		INJECTED from AndroidManifest.xml:0:0
	xmlns:android
		ADDED from AndroidManifest.xml:3:11
	android:installLocation
		ADDED from AndroidManifest.xml:7:2
application
ADDED from AndroidManifest.xml:9:2
MERGED from com.salesforce.androidsdk:SmartSync:unspecified:11:5
MERGED from com.salesforce.androidsdk:SmartStore:unspecified:11:5
MERGED from com.salesforce.androidsdk:SalesforceSDK:unspecified:21:5
	android:label
		ADDED from AndroidManifest.xml:10:6
	android:manageSpaceActivity
		ADDED from AndroidManifest.xml:12:3
	android:icon
		ADDED from AndroidManifest.xml:9:15
	android:name
		ADDED from AndroidManifest.xml:11:3
activity#com.salesforce.samples.smartsyncexplorer.ui.MainActivity
ADDED from AndroidManifest.xml:15:3
	android:label
		ADDED from AndroidManifest.xml:16:7
	android:theme
		ADDED from AndroidManifest.xml:17:4
	android:name
		ADDED from AndroidManifest.xml:15:13
intent-filter#android.intent.action.MAIN+android.intent.category.LAUNCHER
ADDED from AndroidManifest.xml:18:4
action#android.intent.action.MAIN
ADDED from AndroidManifest.xml:19:5
	android:name
		ADDED from AndroidManifest.xml:19:13
category#android.intent.category.LAUNCHER
ADDED from AndroidManifest.xml:20:5
	android:name
		ADDED from AndroidManifest.xml:20:15
activity#com.salesforce.samples.smartsyncexplorer.ui.DetailActivity
ADDED from AndroidManifest.xml:25:9
	android:theme
		ADDED from AndroidManifest.xml:26:13
	android:name
		ADDED from AndroidManifest.xml:25:19
intent-filter#android.intent.category.DEFAULT
ADDED from AndroidManifest.xml:27:13
category#android.intent.category.DEFAULT
ADDED from AndroidManifest.xml:28:17
	android:name
		ADDED from AndroidManifest.xml:28:27
service#com.salesforce.samples.smartsyncexplorer.sync.ContactSyncService
ADDED from AndroidManifest.xml:33:9
	android:process
		ADDED from AndroidManifest.xml:35:13
	android:exported
		ADDED from AndroidManifest.xml:34:13
	android:name
		ADDED from AndroidManifest.xml:33:18
intent-filter#android.content.SyncAdapter
ADDED from AndroidManifest.xml:36:13
action#android.content.SyncAdapter
ADDED from AndroidManifest.xml:37:17
	android:name
		ADDED from AndroidManifest.xml:37:25
meta-data#android.content.SyncAdapter
ADDED from AndroidManifest.xml:39:13
	android:resource
		ADDED from AndroidManifest.xml:40:17
	android:name
		ADDED from AndroidManifest.xml:39:24
provider#com.salesforce.samples.smartsyncexplorer.sync.ContactProvider
ADDED from AndroidManifest.xml:44:9
	android:authorities
		ADDED from AndroidManifest.xml:45:13
	android:enabled
		ADDED from AndroidManifest.xml:48:13
	android:label
		ADDED from AndroidManifest.xml:49:13
	android:syncable
		ADDED from AndroidManifest.xml:47:13
	android:exported
		ADDED from AndroidManifest.xml:46:13
	android:name
		ADDED from AndroidManifest.xml:44:19
uses-sdk
ADDED from AndroidManifest.xml:52:5
MERGED from com.salesforce.androidsdk:SmartSync:unspecified:7:5
MERGED from com.salesforce.androidsdk:SmartStore:unspecified:7:5
MERGED from com.salesforce.androidsdk:SalesforceSDK:unspecified:7:5
	android:targetSdkVersion
		ADDED from AndroidManifest.xml:53:9
	android:minSdkVersion
		ADDED from AndroidManifest.xml:52:15
permission#com.salesforce.samples.nativesqlaggregator.C2D_MESSAGE
ADDED from AndroidManifest.xml:60:5
	android:protectionLevel
		ADDED from AndroidManifest.xml:61:9
	android:name
		ADDED from AndroidManifest.xml:60:17
uses-permission#com.salesforce.samples.nativesqlaggregator.C2D_MESSAGE
ADDED from AndroidManifest.xml:63:5
	android:name
		ADDED from AndroidManifest.xml:63:22
uses-permission#android.permission.READ_SYNC_SETTINGS
ADDED from AndroidManifest.xml:64:5
	android:name
		ADDED from AndroidManifest.xml:64:22
uses-permission#android.permission.WRITE_SYNC_SETTINGS
ADDED from AndroidManifest.xml:65:5
	android:name
		ADDED from AndroidManifest.xml:65:22
activity#com.salesforce.androidsdk.smartstore.ui.SmartStoreInspectorActivity
ADDED from com.salesforce.androidsdk:SmartStore:unspecified:14:9
	android:name
		ADDED from com.salesforce.androidsdk:SmartStore:unspecified:14:19
uses-permission#android.permission.ACCESS_NETWORK_STATE
ADDED from com.salesforce.androidsdk:SalesforceSDK:unspecified:11:5
	android:name
		ADDED from com.salesforce.androidsdk:SalesforceSDK:unspecified:11:22
uses-permission#android.permission.AUTHENTICATE_ACCOUNTS
ADDED from com.salesforce.androidsdk:SalesforceSDK:unspecified:12:5
	android:name
		ADDED from com.salesforce.androidsdk:SalesforceSDK:unspecified:12:22
uses-permission#android.permission.GET_ACCOUNTS
ADDED from com.salesforce.androidsdk:SalesforceSDK:unspecified:13:5
	android:name
		ADDED from com.salesforce.androidsdk:SalesforceSDK:unspecified:13:22
uses-permission#android.permission.INTERNET
ADDED from com.salesforce.androidsdk:SalesforceSDK:unspecified:14:5
	android:name
		ADDED from com.salesforce.androidsdk:SalesforceSDK:unspecified:14:22
uses-permission#android.permission.MANAGE_ACCOUNTS
ADDED from com.salesforce.androidsdk:SalesforceSDK:unspecified:15:5
	android:name
		ADDED from com.salesforce.androidsdk:SalesforceSDK:unspecified:15:22
uses-permission#android.permission.USE_CREDENTIALS
ADDED from com.salesforce.androidsdk:SalesforceSDK:unspecified:16:5
	android:name
		ADDED from com.salesforce.androidsdk:SalesforceSDK:unspecified:16:22
uses-permission#android.permission.WAKE_LOCK
ADDED from com.salesforce.androidsdk:SalesforceSDK:unspecified:17:5
	android:name
		ADDED from com.salesforce.androidsdk:SalesforceSDK:unspecified:17:22
uses-permission#android.permission.GET_TASKS
ADDED from com.salesforce.androidsdk:SalesforceSDK:unspecified:18:5
	android:name
		ADDED from com.salesforce.androidsdk:SalesforceSDK:unspecified:18:22
uses-permission#com.google.android.c2dm.permission.RECEIVE
ADDED from com.salesforce.androidsdk:SalesforceSDK:unspecified:19:5
	android:name
		ADDED from com.salesforce.androidsdk:SalesforceSDK:unspecified:19:22
service#com.salesforce.androidsdk.auth.AuthenticatorService
ADDED from com.salesforce.androidsdk:SalesforceSDK:unspecified:24:9
	android:exported
		ADDED from com.salesforce.androidsdk:SalesforceSDK:unspecified:26:13
	android:name
		ADDED from com.salesforce.androidsdk:SalesforceSDK:unspecified:25:13
intent-filter#android.accounts.AccountAuthenticator
ADDED from com.salesforce.androidsdk:SalesforceSDK:unspecified:27:13
action#android.accounts.AccountAuthenticator
ADDED from com.salesforce.androidsdk:SalesforceSDK:unspecified:28:17
	android:name
		ADDED from com.salesforce.androidsdk:SalesforceSDK:unspecified:28:25
meta-data#android.accounts.AccountAuthenticator
ADDED from com.salesforce.androidsdk:SalesforceSDK:unspecified:31:13
	android:resource
		ADDED from com.salesforce.androidsdk:SalesforceSDK:unspecified:33:17
	android:name
		ADDED from com.salesforce.androidsdk:SalesforceSDK:unspecified:32:17
activity#com.salesforce.androidsdk.ui.LoginActivity
ADDED from com.salesforce.androidsdk:SalesforceSDK:unspecified:37:9
	android:theme
		ADDED from com.salesforce.androidsdk:SalesforceSDK:unspecified:39:13
	android:name
		ADDED from com.salesforce.androidsdk:SalesforceSDK:unspecified:38:13
activity#com.salesforce.androidsdk.ui.PasscodeActivity
ADDED from com.salesforce.androidsdk:SalesforceSDK:unspecified:42:9
	android:theme
		ADDED from com.salesforce.androidsdk:SalesforceSDK:unspecified:44:13
	android:name
		ADDED from com.salesforce.androidsdk:SalesforceSDK:unspecified:43:13
activity#com.salesforce.androidsdk.ui.ManageSpaceActivity
ADDED from com.salesforce.androidsdk:SalesforceSDK:unspecified:47:9
	android:excludeFromRecents
		ADDED from com.salesforce.androidsdk:SalesforceSDK:unspecified:49:13
	android:theme
		ADDED from com.salesforce.androidsdk:SalesforceSDK:unspecified:50:13
	android:name
		ADDED from com.salesforce.androidsdk:SalesforceSDK:unspecified:48:13
activity#com.salesforce.androidsdk.ui.ServerPickerActivity
ADDED from com.salesforce.androidsdk:SalesforceSDK:unspecified:53:9
	android:excludeFromRecents
		ADDED from com.salesforce.androidsdk:SalesforceSDK:unspecified:55:13
	android:theme
		ADDED from com.salesforce.androidsdk:SalesforceSDK:unspecified:56:13
	android:name
		ADDED from com.salesforce.androidsdk:SalesforceSDK:unspecified:54:13
activity#com.salesforce.androidsdk.ui.AccountSwitcherActivity
ADDED from com.salesforce.androidsdk:SalesforceSDK:unspecified:59:9
	android:excludeFromRecents
		ADDED from com.salesforce.androidsdk:SalesforceSDK:unspecified:61:13
	android:theme
		ADDED from com.salesforce.androidsdk:SalesforceSDK:unspecified:62:13
	android:name
		ADDED from com.salesforce.androidsdk:SalesforceSDK:unspecified:60:13
receiver#com.salesforce.androidsdk.push.PushBroadcastReceiver
ADDED from com.salesforce.androidsdk:SalesforceSDK:unspecified:68:9
	android:exported
		ADDED from com.salesforce.androidsdk:SalesforceSDK:unspecified:70:13
	android:permission
		ADDED from com.salesforce.androidsdk:SalesforceSDK:unspecified:71:13
	android:name
		ADDED from com.salesforce.androidsdk:SalesforceSDK:unspecified:69:13
intent-filter#@string/app_package+com.google.android.c2dm.intent.RECEIVE
ADDED from com.salesforce.androidsdk:SalesforceSDK:unspecified:72:13
action#com.google.android.c2dm.intent.RECEIVE
ADDED from com.salesforce.androidsdk:SalesforceSDK:unspecified:73:17
	android:name
		ADDED from com.salesforce.androidsdk:SalesforceSDK:unspecified:73:25
category#@string/app_package
ADDED from com.salesforce.androidsdk:SalesforceSDK:unspecified:75:17
	android:name
		ADDED from com.salesforce.androidsdk:SalesforceSDK:unspecified:75:27
intent-filter#@string/app_package+com.google.android.c2dm.intent.REGISTRATION
ADDED from com.salesforce.androidsdk:SalesforceSDK:unspecified:77:13
action#com.google.android.c2dm.intent.REGISTRATION
ADDED from com.salesforce.androidsdk:SalesforceSDK:unspecified:78:17
	android:name
		ADDED from com.salesforce.androidsdk:SalesforceSDK:unspecified:78:25
receiver#com.salesforce.androidsdk.push.PushService$RetryRegistrationAlarmReceiver
ADDED from com.salesforce.androidsdk:SalesforceSDK:unspecified:83:9
	android:exported
		ADDED from com.salesforce.androidsdk:SalesforceSDK:unspecified:85:13
	android:name
		ADDED from com.salesforce.androidsdk:SalesforceSDK:unspecified:84:13
receiver#com.salesforce.androidsdk.push.PushService$SFDCRegistrationRetryAlarmReceiver
ADDED from com.salesforce.androidsdk:SalesforceSDK:unspecified:86:9
	android:exported
		ADDED from com.salesforce.androidsdk:SalesforceSDK:unspecified:88:13
	android:name
		ADDED from com.salesforce.androidsdk:SalesforceSDK:unspecified:87:13
receiver#com.salesforce.androidsdk.push.PushService$UnregisterRetryAlarmReceiver
ADDED from com.salesforce.androidsdk:SalesforceSDK:unspecified:89:9
	android:exported
		ADDED from com.salesforce.androidsdk:SalesforceSDK:unspecified:91:13
	android:name
		ADDED from com.salesforce.androidsdk:SalesforceSDK:unspecified:90:13
service#com.salesforce.androidsdk.push.PushService
ADDED from com.salesforce.androidsdk:SalesforceSDK:unspecified:93:9
	android:exported
		ADDED from com.salesforce.androidsdk:SalesforceSDK:unspecified:95:13
	android:name
		ADDED from com.salesforce.androidsdk:SalesforceSDK:unspecified:94:13